<?xml version="1.0" encoding="UTF-8"?>
<!-- Generated by org.testng.reporters.JUnitXMLReporter -->
<testsuite hostname="Jammy" name="Command line test" tests="3" failures="0" timestamp="9 Mar 2016 07:47:27 GMT" time="4.289" errors="0">
  <testcase name="getDepartments" time="0.265" classname="springmvc.model.dao.ApplicationDaoTest"/>
  <testcase name="getDepartments" time="0.001" classname="springmvc.model.dao.DepartmentDaoTest"/>
  <testcase name="getStudents" time="0.016" classname="springmvc.model.dao.StudentDaoTest"/>
</testsuite> <!-- Command line test -->
